Loading movies...
Loaded 45207 movies
Loading cached data from output/tmdb_enrichment.parquet
Fetching TMDb data for 1212 movies...
Already cached: 43995 movies
Progress: 10/1212 (0 found, 9 not found)
Progress: 20/1212 (0 found, 19 not found)
Progress: 30/1212 (0 found, 29 not found)
Progress: 40/1212 (0 found, 39 not found)
Progress: 50/1212 (0 found, 49 not found)
Progress: 60/1212 (0 found, 59 not found)
Progress: 70/1212 (0 found, 69 not found)
Progress: 80/1212 (0 found, 79 not found)
Progress: 90/1212 (0 found, 89 not found)
Progress: 100/1212 (0 found, 99 not found)
Saved progress to output/tmdb_enrichment.parquet
Progress: 110/1212 (0 found, 109 not found)
Progress: 120/1212 (0 found, 119 not found)
Progress: 130/1212 (0 found, 129 not found)
Progress: 140/1212 (0 found, 139 not found)
Progress: 150/1212 (0 found, 149 not found)
Progress: 160/1212 (0 found, 159 not found)
Progress: 170/1212 (0 found, 169 not found)
Progress: 180/1212 (0 found, 179 not found)
Progress: 190/1212 (0 found, 189 not found)
Progress: 200/1212 (0 found, 199 not found)
Saved progress to output/tmdb_enrichment.parquet
Progress: 210/1212 (0 found, 209 not found)
Progress: 220/1212 (0 found, 219 not found)
Progress: 230/1212 (0 found, 229 not found)
Progress: 240/1212 (0 found, 239 not found)
Progress: 250/1212 (0 found, 249 not found)
Progress: 260/1212 (0 found, 259 not found)
Progress: 270/1212 (0 found, 269 not found)
Progress: 280/1212 (0 found, 279 not found)
Progress: 290/1212 (0 found, 289 not found)
Progress: 300/1212 (0 found, 299 not found)
Saved progress to output/tmdb_enrichment.parquet
Progress: 310/1212 (0 found, 309 not found)
Progress: 320/1212 (9 found, 310 not found)
Progress: 330/1212 (19 found, 310 not found)
Progress: 340/1212 (29 found, 310 not found)
Progress: 350/1212 (39 found, 310 not found)
Progress: 360/1212 (49 found, 310 not found)
Progress: 370/1212 (59 found, 310 not found)
Progress: 380/1212 (69 found, 310 not found)
Progress: 390/1212 (79 found, 310 not found)
Progress: 400/1212 (89 found, 310 not found)
Saved progress to output/tmdb_enrichment.parquet
Progress: 410/1212 (99 found, 310 not found)
Progress: 420/1212 (109 found, 310 not found)
Progress: 430/1212 (119 found, 310 not found)
Progress: 440/1212 (129 found, 310 not found)
Progress: 450/1212 (139 found, 310 not found)
Progress: 460/1212 (149 found, 310 not found)
Progress: 470/1212 (159 found, 310 not found)
Progress: 480/1212 (169 found, 310 not found)
Progress: 490/1212 (179 found, 310 not found)
Progress: 500/1212 (189 found, 310 not found)
Saved progress to output/tmdb_enrichment.parquet
Progress: 510/1212 (199 found, 310 not found)
Progress: 520/1212 (209 found, 310 not found)
Progress: 530/1212 (219 found, 310 not found)
Progress: 540/1212 (229 found, 310 not found)
Progress: 550/1212 (239 found, 310 not found)
Progress: 560/1212 (249 found, 310 not found)
Progress: 570/1212 (259 found, 310 not found)
Progress: 580/1212 (269 found, 310 not found)
Progress: 590/1212 (279 found, 310 not found)
Progress: 600/1212 (289 found, 310 not found)
Saved progress to output/tmdb_enrichment.parquet
Progress: 610/1212 (299 found, 310 not found)
Progress: 620/1212 (309 found, 310 not found)
Progress: 630/1212 (319 found, 310 not found)
Progress: 640/1212 (329 found, 310 not found)
Progress: 650/1212 (339 found, 310 not found)
Progress: 660/1212 (349 found, 310 not found)
Progress: 670/1212 (359 found, 310 not found)
Progress: 680/1212 (369 found, 310 not found)
Progress: 690/1212 (379 found, 310 not found)
Progress: 700/1212 (389 found, 310 not found)
Saved progress to output/tmdb_enrichment.parquet
Progress: 710/1212 (399 found, 310 not found)
Progress: 720/1212 (409 found, 310 not found)
Progress: 730/1212 (419 found, 310 not found)
Progress: 740/1212 (429 found, 310 not found)
Progress: 750/1212 (439 found, 310 not found)
Progress: 760/1212 (448 found, 311 not found)
Progress: 770/1212 (458 found, 311 not found)
Progress: 780/1212 (468 found, 311 not found)
Progress: 790/1212 (478 found, 311 not found)
Progress: 800/1212 (488 found, 311 not found)
Saved progress to output/tmdb_enrichment.parquet
Progress: 810/1212 (498 found, 311 not found)
Progress: 820/1212 (508 found, 311 not found)
Progress: 830/1212 (518 found, 311 not found)
Progress: 840/1212 (528 found, 311 not found)
Progress: 850/1212 (538 found, 311 not found)
Progress: 860/1212 (548 found, 311 not found)
Progress: 870/1212 (558 found, 311 not found)
Progress: 880/1212 (568 found, 311 not found)
Progress: 890/1212 (578 found, 311 not found)
Progress: 900/1212 (588 found, 311 not found)
Saved progress to output/tmdb_enrichment.parquet
Progress: 910/1212 (598 found, 311 not found)
Progress: 920/1212 (607 found, 312 not found)
Progress: 930/1212 (617 found, 312 not found)
Progress: 940/1212 (627 found, 312 not found)
Progress: 950/1212 (637 found, 312 not found)
Progress: 960/1212 (647 found, 312 not found)
Progress: 970/1212 (657 found, 312 not found)
Progress: 980/1212 (667 found, 312 not found)
Progress: 990/1212 (677 found, 312 not found)
Progress: 1000/1212 (687 found, 312 not found)
Saved progress to output/tmdb_enrichment.parquet
Progress: 1010/1212 (697 found, 312 not found)
Progress: 1020/1212 (707 found, 312 not found)
Progress: 1030/1212 (717 found, 312 not found)
Progress: 1040/1212 (727 found, 312 not found)
Progress: 1050/1212 (737 found, 312 not found)
Progress: 1060/1212 (747 found, 312 not found)
Progress: 1070/1212 (757 found, 312 not found)
Progress: 1080/1212 (767 found, 312 not found)
Progress: 1090/1212 (777 found, 312 not found)
Progress: 1100/1212 (787 found, 312 not found)
Saved progress to output/tmdb_enrichment.parquet
Progress: 1110/1212 (797 found, 312 not found)
Progress: 1120/1212 (807 found, 312 not found)
Progress: 1130/1212 (817 found, 312 not found)
Progress: 1140/1212 (827 found, 312 not found)
Progress: 1150/1212 (837 found, 312 not found)
Progress: 1160/1212 (847 found, 312 not found)
Progress: 1170/1212 (857 found, 312 not found)
Progress: 1180/1212 (867 found, 312 not found)
Progress: 1190/1212 (877 found, 312 not found)
Progress: 1200/1212 (887 found, 312 not found)
Saved progress to output/tmdb_enrichment.parquet
Progress: 1210/1212 (897 found, 312 not found)

Completed: 900 successful, 312 failed
Final data saved to output/tmdb_enrichment.parquet

Final TMDb dataset: 44895 movies
Sample record:
{'tconst': 'tt0000574', 'tmdb_id': 20105, 'tmdb_popularity': 0.3037, 'tmdb_rating': 5.2, 'tmdb_vote_count': 40, 'description': "Just as Galeen and Wegener's Der Golem (1915) can be seen as a  testament to early German film artistry, The Story of the Kelly Gang (1906) symbolizes both the birth of the Australian film industry and the emergence of an Australian cinema identity. Even more significantly, it heralds the emergence of the feature film format. However, only fragments of the original production of more than one hour are known to exist, preserved at the National Film and Sound Archive, Canberra; Efforts at reconstruction have made the film available to modern audiences.", 'poster_path': '/wKOkjf3hpyFr8Bu7fjyXltSzPDS.jpg', 'backdrop_path': '/6vI31TbqaSLXNVVZhm1WGrATijZ.jpg', 'poster_url': 'https://image.tmdb.org/t/p/w500/wKOkjf3hpyFr8Bu7fjyXltSzPDS.jpg', 'backdrop_url': 'https://image.tmdb.org/t/p/w500/6vI31TbqaSLXNVVZhm1WGrATijZ.jpg', 'tmdb_genres': array(['Crime', 'Drama', 'Action', 'History'], dtype=object), 'keywords': array(['silent film', 'partially lost film'], dtype=object), 'budget': 0, 'revenue': 0, 'runtime_tmdb': 70, 'production_countries': array(['AU'], dtype=object)}
